<?xml version="1.0" encoding="UTF-8"?>
<testng-results skipped="0" failed="0" total="2" passed="2">
  <reporter-output>
  </reporter-output>
  <suite name="Cucumber Pratice Test" duration-ms="23524" started-at="2020-01-27T13:17:41Z" finished-at="2020-01-27T13:18:04Z">
    <groups>
      <group name="cucumber">
        <method signature="CucumberRunner.feature(cucumber.api.testng.CucumberFeatureWrapper)[pri:0, instance:myRunner.CucumberRunner@589838eb]" name="feature" class="myRunner.CucumberRunner"/>
      </group> <!-- cucumber -->
    </groups>
    <test name="Test" duration-ms="23524" started-at="2020-01-27T13:17:41Z" finished-at="2020-01-27T13:18:04Z">
      <class name="myRunner.CucumberRunner">
        <test-method status="PASS" signature="setUp()[pri:0, instance:myRunner.CucumberRunner@589838eb]" name="setUp" is-config="true" duration-ms="6279" started-at="2020-01-27T18:47:34Z" finished-at="2020-01-27T18:47:41Z">
          <reporter-output>
          </reporter-output>
        </test-method> <!-- setUp -->
        <test-method status="PASS" signature="setUpClass()[pri:0, instance:myRunner.CucumberRunner@589838eb]" name="setUpClass" is-config="true" duration-ms="127" started-at="2020-01-27T18:47:41Z" finished-at="2020-01-27T18:47:41Z">
          <reporter-output>
          </reporter-output>
        </test-method> <!-- setUpClass -->
        <test-method status="PASS" signature="feature(cucumber.api.testng.CucumberFeatureWrapper)[pri:0, instance:myRunner.CucumberRunner@589838eb]" name="feature" duration-ms="9963" started-at="2020-01-27T18:47:41Z" description="Runs Cucumber Feature" data-provider="features" finished-at="2020-01-27T18:47:51Z">
          <params>
            <param index="0">
              <value>
                <![CDATA[Free CRM Call Feature]]>
              </value>
            </param>
          </params>
          <reporter-output>
          </reporter-output>
        </test-method> <!-- feature -->
        <test-method status="PASS" signature="tearDownr(org.testng.ITestResult)[pri:0, instance:myRunner.CucumberRunner@589838eb]" name="tearDownr" is-config="true" duration-ms="269" started-at="2020-01-27T18:47:51Z" finished-at="2020-01-27T18:47:51Z">
          <params>
            <param index="0">
              <value>
                <![CDATA[[TestResult name=feature status=SUCCESS method=CucumberRunner.feature(cucumber.api.testng.CucumberFeatureWrapper)[pri:0, instance:myRunner.CucumberRunner@589838eb] output={null}]]]>
              </value>
            </param>
          </params>
          <reporter-output>
          </reporter-output>
        </test-method> <!-- tearDownr -->
        <test-method status="PASS" signature="feature(cucumber.api.testng.CucumberFeatureWrapper)[pri:0, instance:myRunner.CucumberRunner@589838eb]" name="feature" duration-ms="12828" started-at="2020-01-27T18:47:51Z" description="Runs Cucumber Feature" data-provider="features" finished-at="2020-01-27T18:48:04Z">
          <params>
            <param index="0">
              <value>
                <![CDATA[Free CRM Login Feature]]>
              </value>
            </param>
          </params>
          <reporter-output>
          </reporter-output>
        </test-method> <!-- feature -->
        <test-method status="PASS" signature="tearDownr(org.testng.ITestResult)[pri:0, instance:myRunner.CucumberRunner@589838eb]" name="tearDownr" is-config="true" duration-ms="270" started-at="2020-01-27T18:48:04Z" finished-at="2020-01-27T18:48:04Z">
          <params>
            <param index="0">
              <value>
                <![CDATA[[TestResult name=feature status=SUCCESS method=CucumberRunner.feature(cucumber.api.testng.CucumberFeatureWrapper)[pri:0, instance:myRunner.CucumberRunner@589838eb] output={null}]]]>
              </value>
            </param>
          </params>
          <reporter-output>
          </reporter-output>
        </test-method> <!-- tearDownr -->
        <test-method status="PASS" signature="tearDownClass()[pri:0, instance:myRunner.CucumberRunner@589838eb]" name="tearDownClass" is-config="true" duration-ms="6" started-at="2020-01-27T18:48:04Z" finished-at="2020-01-27T18:48:04Z">
          <reporter-output>
          </reporter-output>
        </test-method> <!-- tearDownClass -->
        <test-method status="PASS" signature="generateHTMLReports()[pri:0, instance:myRunner.CucumberRunner@589838eb]" name="generateHTMLReports" is-config="true" duration-ms="958" started-at="2020-01-27T18:48:04Z" finished-at="2020-01-27T18:48:05Z">
          <reporter-output>
          </reporter-output>
        </test-method> <!-- generateHTMLReports -->
        <test-method status="PASS" signature="quit()[pri:0, instance:myRunner.CucumberRunner@589838eb]" name="quit" is-config="true" duration-ms="0" started-at="2020-01-27T18:48:05Z" finished-at="2020-01-27T18:48:05Z">
          <reporter-output>
          </reporter-output>
        </test-method> <!-- quit -->
      </class> <!-- myRunner.CucumberRunner -->
    </test> <!-- Test -->
  </suite> <!-- Cucumber Pratice Test -->
</testng-results>
